This is LuaHBTeX, Version 1.17.0 (TeX Live 2023)  (format=lualatex 2023.7.18)  18 JUL 2023 09:37
 restricted system commands enabled.
**trend_text_liz.tex
(./trend_text_liz.tex
LaTeX2e <2023-06-01> patch level 1
L3 programming layer <2023-06-30>
Lua module: luaotfload 2022-10-03 3.23 Lua based OpenType font support
Lua module: lualibs 2022-10-04 2.75 ConTeXt Lua standard libraries.
Lua module: lualibs-extended 2022-10-04 2.75 ConTeXt Lua libraries -- extended collection.
luaotfload | conf : Root cache directory is "C:/Users/JLin/AppData/Roaming/TinyTeX/texmf-var/luatex-cache/generic/names".
luaotfload | init : Loading fontloader "fontloader-2022-10-03.lua" from kpse-resolved path "c:/Users/JLin/AppData/Roaming/TinyTeX/texmf-dist/tex/luatex/luaotfload/fontloader-2022-10-03.lua".
Lua-only attribute luaotfload@noligature = 1
luaotfload | init : Context OpenType loader version 3.120
Inserting `luaotfload.node_processor' in `pre_linebreak_filter'.
Inserting `luaotfload.node_processor' in `hpack_filter'.
Inserting `luaotfload.glyph_stream' in `glyph_stream_provider'.
Inserting `luaotfload.define_font' in `define_font'.
Lua-only attribute luaotfload_color_attribute = 2
luaotfload | conf : Root cache directory is "C:/Users/JLin/AppData/Roaming/TinyTeX/texmf-var/luatex-cache/generic/names".
Inserting `luaotfload.harf.strip_prefix' in `find_opentype_file'.
Inserting `luaotfload.harf.strip_prefix' in `find_truetype_file'.
Removing  `luaotfload.glyph_stream' from `glyph_stream_provider'.
Inserting `luaotfload.harf.glyphstream' in `glyph_stream_provider'.
Inserting `luaotfload.harf.finalize_vlist' in `post_linebreak_filter'.
Inserting `luaotfload.harf.finalize_hlist' in `hpack_filter'.
Inserting `luaotfload.cleanup_files' in `wrapup_run'.
Inserting `luaotfload.harf.finalize_unicode' in `finish_pdffile'.
Inserting `luaotfload.glyphinfo' in `glyph_info'.
Lua-only attribute luaotfload.letterspace_done = 3
Inserting `luaotfload.aux.set_sscale_dimens' in `luaotfload.patch_font'.
Inserting `luaotfload.aux.set_font_index' in `luaotfload.patch_font'.
Inserting `luaotfload.aux.patch_cambria_domh' in `luaotfload.patch_font'.
Inserting `luaotfload.aux.fixup_fontdata' in `luaotfload.patch_font_unsafe'.
Inserting `luaotfload.aux.set_capheight' in `luaotfload.patch_font'.
Inserting `luaotfload.aux.set_xheight' in `luaotfload.patch_font'.
Inserting `luaotfload.rewrite_fontname' in `luaotfload.patch_font'.
Inserting `tracingstacklevels' in `input_level_string'. (c:/Users/JLin/AppData/Roaming/TinyTeX/texmf-dist/tex/latex/base/article.cls
Document Class: article 2023/05/17 v1.4n Standard LaTeX document class
(c:/Users/JLin/AppData/Roaming/TinyTeX/texmf-dist/tex/latex/base/size12.clo
File: size12.clo 2023/05/17 v1.4n Standard LaTeX file (size option)
luaotfload | db : Font names database loaded from C:/Users/JLin/AppData/Roaming/TinyTeX/texmf-var/luatex-cache/generic/names/luaotfload-names.luc.gz)
\c@part=\count183
\c@section=\count184
\c@subsection=\count185
\c@subsubsection=\count186
\c@paragraph=\count187
\c@subparagraph=\count188
\c@figure=\count189
\c@table=\count190
\abovecaptionskip=\skip48
\belowcaptionskip=\skip49
\bibindent=\dimen139
) (c:/Users/JLin/AppData/Roaming/TinyTeX/texmf-dist/tex/latex/amsmath/amsmath.sty
Package: amsmath 2023/05/13 v2.17o AMS math features
\@mathmargin=\skip50
For additional information on amsmath, use the `?' option.
(c:/Users/JLin/AppData/Roaming/TinyTeX/texmf-dist/tex/latex/amsmath/amstext.sty
Package: amstext 2021/08/26 v2.01 AMS text
(c:/Users/JLin/AppData/Roaming/TinyTeX/texmf-dist/tex/latex/amsmath/amsgen.sty
File: amsgen.sty 1999/11/30 v2.0 generic functions
\@emptytoks=\toks17
\ex@=\dimen140
)) (c:/Users/JLin/AppData/Roaming/TinyTeX/texmf-dist/tex/latex/amsmath/amsbsy.sty
Package: amsbsy 1999/11/29 v1.2d Bold Symbols
\pmbraise@=\dimen141
) (c:/Users/JLin/AppData/Roaming/TinyTeX/texmf-dist/tex/latex/amsmath/amsopn.sty
Package: amsopn 2022/04/08 v2.04 operator names
)
\inf@bad=\count191
LaTeX Info: Redefining \frac on input line 236.
\uproot@=\count192
\leftroot@=\count193
LaTeX Info: Redefining \overline on input line 399.
LaTeX Info: Redefining \colon on input line 410.
\classnum@=\count194
\DOTSCASE@=\count195
LaTeX Info: Redefining \ldots on input line 496.
LaTeX Info: Redefining \dots on input line 499.
LaTeX Info: Redefining \cdots on input line 620.
\Mathstrutbox@=\box51
\strutbox@=\box52
LaTeX Info: Redefining \big on input line 722.
LaTeX Info: Redefining \Big on input line 723.
LaTeX Info: Redefining \bigg on input line 724.
LaTeX Info: Redefining \Bigg on input line 725.
\big@size=\dimen142
LaTeX Font Info:    Redeclaring font encoding OML on input line 743.
LaTeX Font Info:    Redeclaring font encoding OMS on input line 744.
\macc@depth=\count196
LaTeX Info: Redefining \bmod on input line 905.
LaTeX Info: Redefining \pmod on input line 910.
LaTeX Info: Redefining \smash on input line 940.
LaTeX Info: Redefining \relbar on input line 970.
LaTeX Info: Redefining \Relbar on input line 971.
\c@MaxMatrixCols=\count197
\dotsspace@=\muskip16
\c@parentequation=\count198
\dspbrk@lvl=\count199
\tag@help=\toks18
\row@=\count266
\column@=\count267
\maxfields@=\count268
\andhelp@=\toks19
\eqnshift@=\dimen143
\alignsep@=\dimen144
\tagshift@=\dimen145
\tagwidth@=\dimen146
\totwidth@=\dimen147
\lineht@=\dimen148
\@envbody=\toks20
\multlinegap=\skip51
\multlinetaggap=\skip52
\mathdisplay@stack=\toks21
LaTeX Info: Redefining \[ on input line 2953.
LaTeX Info: Redefining \] on input line 2954.
) (c:/Users/JLin/AppData/Roaming/TinyTeX/texmf-dist/tex/latex/amsfonts/amssymb.sty
Package: amssymb 2013/01/14 v3.01 AMS font symbols
(c:/Users/JLin/AppData/Roaming/TinyTeX/texmf-dist/tex/latex/amsfonts/amsfonts.sty
Package: amsfonts 2013/01/14 v3.01 Basic AMSFonts support
\symAMSa=\mathgroup4
\symAMSb=\mathgroup5
LaTeX Font Info:    Redeclaring math symbol \hbar on input line 98.
LaTeX Font Info:    Overwriting math alphabet `\mathfrak' in version `bold'
(Font)                  U/euf/m/n --> U/euf/b/n on input line 106.
)) (c:/Users/JLin/AppData/Roaming/TinyTeX/texmf-dist/tex/latex/lm/lmodern.sty
Package: lmodern 2015/05/01 v1.6.1 Latin Modern Fonts
LaTeX Font Info:    Overwriting symbol font `operators' in version `normal'
(Font)                  OT1/cmr/m/n --> OT1/lmr/m/n on input line 22.
LaTeX Font Info:    Overwriting symbol font `letters' in version `normal'
(Font)                  OML/cmm/m/it --> OML/lmm/m/it on input line 23.
LaTeX Font Info:    Overwriting symbol font `symbols' in version `normal'
(Font)                  OMS/cmsy/m/n --> OMS/lmsy/m/n on input line 24.
LaTeX Font Info:    Overwriting symbol font `largesymbols' in version `normal'
(Font)                  OMX/cmex/m/n --> OMX/lmex/m/n on input line 25.
LaTeX Font Info:    Overwriting symbol font `operators' in version `bold'
(Font)                  OT1/cmr/bx/n --> OT1/lmr/bx/n on input line 26.
LaTeX Font Info:    Overwriting symbol font `letters' in version `bold'
(Font)                  OML/cmm/b/it --> OML/lmm/b/it on input line 27.
LaTeX Font Info:    Overwriting symbol font `symbols' in version `bold'
(Font)                  OMS/cmsy/b/n --> OMS/lmsy/b/n on input line 28.
LaTeX Font Info:    Overwriting symbol font `largesymbols' in version `bold'
(Font)                  OMX/cmex/m/n --> OMX/lmex/m/n on input line 29.
LaTeX Font Info:    Overwriting math alphabet `\mathbf' in version `normal'
(Font)                  OT1/cmr/bx/n --> OT1/lmr/bx/n on input line 31.
LaTeX Font Info:    Overwriting math alphabet `\mathsf' in version `normal'
(Font)                  OT1/cmss/m/n --> OT1/lmss/m/n on input line 32.
LaTeX Font Info:    Overwriting math alphabet `\mathit' in version `normal'
(Font)                  OT1/cmr/m/it --> OT1/lmr/m/it on input line 33.
LaTeX Font Info:    Overwriting math alphabet `\mathtt' in version `normal'
(Font)                  OT1/cmtt/m/n --> OT1/lmtt/m/n on input line 34.
LaTeX Font Info:    Overwriting math alphabet `\mathbf' in version `bold'
(Font)                  OT1/cmr/bx/n --> OT1/lmr/bx/n on input line 35.
LaTeX Font Info:    Overwriting math alphabet `\mathsf' in version `bold'
(Font)                  OT1/cmss/bx/n --> OT1/lmss/bx/n on input line 36.
LaTeX Font Info:    Overwriting math alphabet `\mathit' in version `bold'
(Font)                  OT1/cmr/bx/it --> OT1/lmr/bx/it on input line 37.
LaTeX Font Info:    Overwriting math alphabet `\mathtt' in version `bold'
(Font)                  OT1/cmtt/m/n --> OT1/lmtt/m/n on input line 38.
) (c:/Users/JLin/AppData/Roaming/TinyTeX/texmf-dist/tex/generic/iftex/iftex.sty
Package: iftex 2022/02/03 v1.0f TeX engine tests
) (c:/Users/JLin/AppData/Roaming/TinyTeX/texmf-dist/tex/latex/unicode-math/unicode-math.sty (c:/Users/JLin/AppData/Roaming/TinyTeX/texmf-dist/tex/latex/l3kernel/expl3.sty
Package: expl3 2023-06-30 L3 programming layer (loader) 
(c:/Users/JLin/AppData/Roaming/TinyTeX/texmf-dist/tex/latex/l3backend/l3backend-luatex.def
File: l3backend-luatex.def 2023-04-19 L3 backend support: PDF output (LuaTeX)
\l__color_backend_stack_int=\count269
Inserting `l3color' in `luaotfload.parse_color'.
\l__pdf_internal_box=\box53
))
Package: unicode-math 2020/01/31 v0.8q Unicode maths in XeLaTeX and LuaLaTeX
(c:/Users/JLin/AppData/Roaming/TinyTeX/texmf-dist/tex/latex/unicode-math/unicode-math-luatex.sty
Package: unicode-math-luatex 2020/01/31 v0.8q Unicode maths in XeLaTeX and LuaLaTeX
(c:/Users/JLin/AppData/Roaming/TinyTeX/texmf-dist/tex/latex/l3packages/xparse/xparse.sty
Package: xparse 2023-02-02 L3 Experimental document command parser
) (c:/Users/JLin/AppData/Roaming/TinyTeX/texmf-dist/tex/latex/l3packages/l3keys2e/l3keys2e.sty
Package: l3keys2e 2023-02-02 LaTeX2e option processing using LaTeX3 keys
) (c:/Users/JLin/AppData/Roaming/TinyTeX/texmf-dist/tex/latex/fontspec/fontspec.sty
Package: fontspec 2022/01/15 v2.8a Font selection for XeLaTeX and LuaLaTeX
Lua module: fontspec 2022/01/15 2.8a Font selection for XeLaTeX and LuaLaTeX (c:/Users/JLin/AppData/Roaming/TinyTeX/texmf-dist/tex/latex/fontspec/fontspec-luatex.sty
Package: fontspec-luatex 2022/01/15 v2.8a Font selection for XeLaTeX and LuaLaTeX
\l__fontspec_script_int=\count270
\l__fontspec_language_int=\count271
\l__fontspec_strnum_int=\count272
\l__fontspec_tmp_int=\count273
\l__fontspec_tmpa_int=\count274
\l__fontspec_tmpb_int=\count275
\l__fontspec_tmpc_int=\count276
\l__fontspec_em_int=\count277
\l__fontspec_emdef_int=\count278
\l__fontspec_strong_int=\count279
\l__fontspec_strongdef_int=\count280
\l__fontspec_tmpa_dim=\dimen149
\l__fontspec_tmpb_dim=\dimen150
\l__fontspec_tmpc_dim=\dimen151
(c:/Users/JLin/AppData/Roaming/TinyTeX/texmf-dist/tex/latex/base/fontenc.sty
Package: fontenc 2021/04/29 v2.0v Standard LaTeX package
) (c:/Users/JLin/AppData/Roaming/TinyTeX/texmf-dist/tex/latex/fontspec/fontspec.cfg))) (c:/Users/JLin/AppData/Roaming/TinyTeX/texmf-dist/tex/latex/base/fix-cm.sty
Package: fix-cm 2020/11/24 v1.1t fixes to LaTeX
(c:/Users/JLin/AppData/Roaming/TinyTeX/texmf-dist/tex/latex/base/ts1enc.def
File: ts1enc.def 2001/06/05 v3.0e (jk/car/fm) Standard LaTeX file
LaTeX Font Info:    Redeclaring font encoding TS1 on input line 47.
)) (c:/Users/JLin/AppData/Roaming/TinyTeX/texmf-dist/tex/lualatex/lualatex-math/lualatex-math.sty
Package: lualatex-math 2022/01/01 v1.12 Patches for mathematics typesetting with LuaLaTeX
(c:/Users/JLin/AppData/Roaming/TinyTeX/texmf-dist/tex/latex/etoolbox/etoolbox.sty
Package: etoolbox 2020/10/05 v2.5k e-TeX tools for LaTeX (JAW)
\etb@tempcnta=\count281
)
Lua module: lualatex-math 2013/08/03 1.3 Patches for mathematics typesetting with LuaLaTeX)
\g__um_fam_int=\count282
\g__um_fonts_used_int=\count283
\l__um_primecount_int=\count284
\g__um_primekern_muskip=\muskip17
(c:/Users/JLin/AppData/Roaming/TinyTeX/texmf-dist/tex/latex/unicode-math/unicode-math-table.tex))) (c:/Users/JLin/AppData/Roaming/TinyTeX/texmf-dist/tex/latex/xcolor/xcolor.sty
Package: xcolor 2022/06/12 v2.14 LaTeX color extensions (UK)
(c:/Users/JLin/AppData/Roaming/TinyTeX/texmf-dist/tex/latex/graphics-cfg/color.cfg
File: color.cfg 2016/01/02 v1.6 sample color configuration
)
Package xcolor Info: Driver file: luatex.def on input line 227.
(c:/Users/JLin/AppData/Roaming/TinyTeX/texmf-dist/tex/latex/graphics-def/luatex.def
File: luatex.def 2022/09/22 v1.2d Graphics/color driver for luatex
) (c:/Users/JLin/AppData/Roaming/TinyTeX/texmf-dist/tex/latex/graphics/mathcolor.ltx)
Package xcolor Info: Model `cmy' substituted by `cmy0' on input line 1353.
Package xcolor Info: Model `hsb' substituted by `rgb' on input line 1357.
Package xcolor Info: Model `RGB' extended on input line 1369.
Package xcolor Info: Model `HTML' substituted by `rgb' on input line 1371.
Package xcolor Info: Model `Hsb' substituted by `hsb' on input line 1372.
Package xcolor Info: Model `tHsb' substituted by `hsb' on input line 1373.
Package xcolor Info: Model `HSB' substituted by `hsb' on input line 1374.
Package xcolor Info: Model `Gray' substituted by `gray' on input line 1375.
Package xcolor Info: Model `wave' substituted by `hsb' on input line 1376.
) (c:/Users/JLin/AppData/Roaming/TinyTeX/texmf-dist/tex/latex/geometry/geometry.sty
Package: geometry 2020/01/02 v5.9 Page Geometry
(c:/Users/JLin/AppData/Roaming/TinyTeX/texmf-dist/tex/latex/graphics/keyval.sty
Package: keyval 2022/05/29 v1.15 key=value parser (DPC)
\KV@toks@=\toks22
) (c:/Users/JLin/AppData/Roaming/TinyTeX/texmf-dist/tex/generic/iftex/ifvtex.sty
Package: ifvtex 2019/10/25 v1.7 ifvtex legacy package. Use iftex instead.
)
\Gm@cnth=\count285
\Gm@cntv=\count286
\c@Gm@tempcnt=\count287
\Gm@bindingoffset=\dimen152
\Gm@wd@mp=\dimen153
\Gm@odd@mp=\dimen154
\Gm@even@mp=\dimen155
\Gm@layoutwidth=\dimen156
\Gm@layoutheight=\dimen157
\Gm@layouthoffset=\dimen158
\Gm@layoutvoffset=\dimen159
\Gm@dimlist=\toks23
) (c:/Users/JLin/AppData/Roaming/TinyTeX/texmf-dist/tex/latex/graphics/graphicx.sty
Package: graphicx 2021/09/16 v1.2d Enhanced LaTeX Graphics (DPC,SPQR)
(c:/Users/JLin/AppData/Roaming/TinyTeX/texmf-dist/tex/latex/graphics/graphics.sty
Package: graphics 2022/03/10 v1.4e Standard LaTeX Graphics (DPC,SPQR)
(c:/Users/JLin/AppData/Roaming/TinyTeX/texmf-dist/tex/latex/graphics/trig.sty
Package: trig 2021/08/11 v1.11 sin cos tan (DPC)
) (c:/Users/JLin/AppData/Roaming/TinyTeX/texmf-dist/tex/latex/graphics-cfg/graphics.cfg
File: graphics.cfg 2016/06/04 v1.11 sample graphics configuration
)
Package graphics Info: Driver file: luatex.def on input line 107.
)
\Gin@req@height=\dimen160
\Gin@req@width=\dimen161
) (c:/Users/JLin/AppData/Roaming/TinyTeX/texmf-dist/tex/latex/fancyhdr/fancyhdr.sty
Package: fancyhdr 2022/11/09 v4.1 Extensive control of page headers and footers
\f@nch@headwidth=\skip53
\f@nch@O@elh=\skip54
\f@nch@O@erh=\skip55
\f@nch@O@olh=\skip56
\f@nch@O@orh=\skip57
\f@nch@O@elf=\skip58
\f@nch@O@erf=\skip59
\f@nch@O@olf=\skip60
\f@nch@O@orf=\skip61
) (c:/Users/JLin/AppData/Roaming/TinyTeX/texmf-dist/tex/latex/hyperref/hyperref.sty
Package: hyperref 2023-07-08 v7.01b Hypertext links for LaTeX
(c:/Users/JLin/AppData/Roaming/TinyTeX/texmf-dist/tex/generic/ltxcmds/ltxcmds.sty
Package: ltxcmds 2020-05-10 v1.25 LaTeX kernel commands for general use (HO)
) (c:/Users/JLin/AppData/Roaming/TinyTeX/texmf-dist/tex/generic/pdftexcmds/pdftexcmds.sty
Package: pdftexcmds 2020-06-27 v0.33 Utility functions of pdfTeX for LuaTeX (HO)
(c:/Users/JLin/AppData/Roaming/TinyTeX/texmf-dist/tex/generic/infwarerr/infwarerr.sty
Package: infwarerr 2019/12/03 v1.5 Providing info/warning/error messages (HO)
)
Package pdftexcmds Info: \pdf@primitive is available.
Package pdftexcmds Info: \pdf@ifprimitive is available.
Package pdftexcmds Info: \pdfdraftmode found.
\pdftexcmds@toks=\toks24
) (c:/Users/JLin/AppData/Roaming/TinyTeX/texmf-dist/tex/latex/kvsetkeys/kvsetkeys.sty
Package: kvsetkeys 2022-10-05 v1.19 Key value parser (HO)
) (c:/Users/JLin/AppData/Roaming/TinyTeX/texmf-dist/tex/generic/kvdefinekeys/kvdefinekeys.sty
Package: kvdefinekeys 2019-12-19 v1.6 Define keys (HO)
) (c:/Users/JLin/AppData/Roaming/TinyTeX/texmf-dist/tex/generic/pdfescape/pdfescape.sty
Package: pdfescape 2019/12/09 v1.15 Implements pdfTeX's escape features (HO)
) (c:/Users/JLin/AppData/Roaming/TinyTeX/texmf-dist/tex/latex/hycolor/hycolor.sty
Package: hycolor 2020-01-27 v1.10 Color options for hyperref/bookmark (HO)
) (c:/Users/JLin/AppData/Roaming/TinyTeX/texmf-dist/tex/latex/letltxmacro/letltxmacro.sty
Package: letltxmacro 2019/12/03 v1.6 Let assignment for LaTeX macros (HO)
) (c:/Users/JLin/AppData/Roaming/TinyTeX/texmf-dist/tex/latex/auxhook/auxhook.sty
Package: auxhook 2019-12-17 v1.6 Hooks for auxiliary files (HO)
) (c:/Users/JLin/AppData/Roaming/TinyTeX/texmf-dist/tex/latex/hyperref/nameref.sty
Package: nameref 2023-08-07 v2.53 Cross-referencing by name of section
(c:/Users/JLin/AppData/Roaming/TinyTeX/texmf-dist/tex/latex/refcount/refcount.sty
Package: refcount 2019/12/15 v3.6 Data extraction from label references (HO)
) (c:/Users/JLin/AppData/Roaming/TinyTeX/texmf-dist/tex/generic/gettitlestring/gettitlestring.sty
Package: gettitlestring 2019/12/15 v1.6 Cleanup title references (HO)
(c:/Users/JLin/AppData/Roaming/TinyTeX/texmf-dist/tex/latex/kvoptions/kvoptions.sty
Package: kvoptions 2022-06-15 v3.15 Key value format for package options (HO)
))
\c@section@level=\count288
)
\@linkdim=\dimen162
\Hy@linkcounter=\count289
\Hy@pagecounter=\count290
(c:/Users/JLin/AppData/Roaming/TinyTeX/texmf-dist/tex/latex/hyperref/pd1enc.def
File: pd1enc.def 2023-07-08 v7.01b Hyperref: PDFDocEncoding definition (HO)
) (c:/Users/JLin/AppData/Roaming/TinyTeX/texmf-dist/tex/generic/intcalc/intcalc.sty
Package: intcalc 2019/12/15 v1.3 Expandable calculations with integers (HO)
)
\Hy@SavedSpaceFactor=\count291
(c:/Users/JLin/AppData/Roaming/TinyTeX/texmf-dist/tex/latex/hyperref/puenc.def
File: puenc.def 2023-07-08 v7.01b Hyperref: PDF Unicode definition (HO)
)
Package hyperref Info: Option `unicode' set `true' on input line 4050.
Package hyperref Info: Hyper figures OFF on input line 4167.
Package hyperref Info: Link nesting OFF on input line 4172.
Package hyperref Info: Hyper index ON on input line 4175.
Package hyperref Info: Plain pages OFF on input line 4182.
Package hyperref Info: Backreferencing OFF on input line 4187.
Package hyperref Info: Implicit mode ON; LaTeX internals redefined.
Package hyperref Info: Bookmarks ON on input line 4434.
\c@Hy@tempcnt=\count292
(c:/Users/JLin/AppData/Roaming/TinyTeX/texmf-dist/tex/latex/url/url.sty
\Urlmuskip=\muskip18
Package: url 2013/09/16  ver 3.4  Verb mode for urls, etc.
)
LaTeX Info: Redefining \url on input line 4772.
\XeTeXLinkMargin=\dimen163
(c:/Users/JLin/AppData/Roaming/TinyTeX/texmf-dist/tex/generic/bitset/bitset.sty
Package: bitset 2019/12/09 v1.3 Handle bit-vector datatype (HO)
(c:/Users/JLin/AppData/Roaming/TinyTeX/texmf-dist/tex/generic/bigintcalc/bigintcalc.sty
Package: bigintcalc 2019/12/15 v1.5 Expandable calculations on big integers (HO)
))
\Fld@menulength=\count293
\Field@Width=\dimen164
\Fld@charsize=\dimen165
Package hyperref Info: Hyper figures OFF on input line 6051.
Package hyperref Info: Link nesting OFF on input line 6056.
Package hyperref Info: Hyper index ON on input line 6059.
Package hyperref Info: backreferencing OFF on input line 6066.
Package hyperref Info: Link coloring OFF on input line 6071.
Package hyperref Info: Link coloring with OCG OFF on input line 6076.
Package hyperref Info: PDF/A mode OFF on input line 6081.
(c:/Users/JLin/AppData/Roaming/TinyTeX/texmf-dist/tex/latex/base/atbegshi-ltx.sty
Package: atbegshi-ltx 2021/01/10 v1.0c Emulation of the original atbegshi
package with kernel methods
)
\Hy@abspage=\count294
\c@Item=\count295
\c@Hfootnote=\count296
)
Package hyperref Info: Driver (autodetected): hluatex.
(c:/Users/JLin/AppData/Roaming/TinyTeX/texmf-dist/tex/latex/hyperref/hluatex.def
File: hluatex.def 2023-07-08 v7.01b Hyperref driver for luaTeX
(c:/Users/JLin/AppData/Roaming/TinyTeX/texmf-dist/tex/generic/stringenc/stringenc.sty
Package: stringenc 2019/11/29 v1.12 Convert strings between diff. encodings (HO)
) (c:/Users/JLin/AppData/Roaming/TinyTeX/texmf-dist/tex/latex/base/atveryend-ltx.sty
Package: atveryend-ltx 2020/08/19 v1.0a Emulation of the original atveryend package
with kernel methods
)
\Fld@listcount=\count297
\c@bookmark@seq@number=\count298
(c:/Users/JLin/AppData/Roaming/TinyTeX/texmf-dist/tex/latex/rerunfilecheck/rerunfilecheck.sty
Package: rerunfilecheck 2022-07-10 v1.10 Rerun checks for auxiliary files (HO)
(c:/Users/JLin/AppData/Roaming/TinyTeX/texmf-dist/tex/generic/uniquecounter/uniquecounter.sty
Package: uniquecounter 2019/12/15 v1.4 Provide unlimited unique counter (HO)
)
Package uniquecounter Info: New unique counter `rerunfilecheck' on input line 285.
)
\Hy@SectionHShift=\skip62
) (c:/Users/JLin/AppData/Roaming/TinyTeX/texmf-dist/tex/latex/pdfcomment/pdfcomment.sty
Package: pdfcomment 2018/11/01 pdfcomment.sty v2.4a - Josef Kleber (C) 2008-2012, 2015-2016, 2018
(c:/Users/JLin/AppData/Roaming/TinyTeX/texmf-dist/tex/latex/xkeyval/xkeyval.sty
Package: xkeyval 2022/06/16 v2.9 package option processing (HA)
(c:/Users/JLin/AppData/Roaming/TinyTeX/texmf-dist/tex/generic/xkeyval/xkeyval.tex (c:/Users/JLin/AppData/Roaming/TinyTeX/texmf-dist/tex/generic/xkeyval/xkvutils.tex
\XKV@toks=\toks25
\XKV@tempa@toks=\toks26
)
\XKV@depth=\count299
File: xkeyval.tex 2014/12/03 v2.7a key=value parser (HA)
))
\c@pc@count@i=\count300
\c@pc@count@ii=\count301
\c@pc@count@iii=\count302
\c@pc@count@iv=\count303
\pc@mathannot@box=\box54
\pc@nullbox=\box55
\pc@dima=\skip63
\pc@dimb=\skip64
\pc@Sposx=\skip65
\pc@Sposy=\skip66
\pc@Eposx=\skip67
\pc@Eposy=\skip68
\pc@column=\skip69
\pc@box@width=\skip70
\pc@box@height=\skip71
\pc@box@depth=\skip72
(c:/Users/JLin/AppData/Roaming/TinyTeX/texmf-dist/tex/generic/luatex85/luatex85.sty
Package: luatex85 2016/06/15 v1.4 pdftex aliases for luatex
) (c:/Users/JLin/AppData/Roaming/TinyTeX/texmf-dist/tex/latex/datetime2/datetime2.sty
Package: datetime2 2021/03/21 v1.5.7 (NLCT) date and time formats
(c:/Users/JLin/AppData/Roaming/TinyTeX/texmf-dist/tex/latex/tracklang/tracklang.sty
Package: tracklang 2022/12/13 v1.6.1 (NLCT) Track Languages
(c:/Users/JLin/AppData/Roaming/TinyTeX/texmf-dist/tex/generic/tracklang/tracklang.tex))) (c:/Users/JLin/AppData/Roaming/TinyTeX/texmf-dist/tex/latex/zref/zref-savepos.sty
Package: zref-savepos 2022-04-07 v2.34 Module savepos for zref (HO)
(c:/Users/JLin/AppData/Roaming/TinyTeX/texmf-dist/tex/latex/zref/zref-base.sty
Package: zref-base 2022-04-07 v2.34 Module base for zref (HO)
(c:/Users/JLin/AppData/Roaming/TinyTeX/texmf-dist/tex/generic/etexcmds/etexcmds.sty
Package: etexcmds 2019/12/15 v1.7 Avoid name clashes with e-TeX commands (HO)
)
Package zref Info: New property list: main on input line 767.
Package zref Info: New property: default on input line 768.
Package zref Info: New property: page on input line 769.
)
Package zref Info: New property list: savepos on input line 79.
Package zref Info: New property: posx on input line 84.
Package zref Info: New property: posy on input line 85.
)
\c@zref@unique=\count304
(c:/Users/JLin/AppData/Roaming/TinyTeX/texmf-dist/tex/latex/base/ifthen.sty
Package: ifthen 2022/04/13 v1.1d Standard LaTeX ifthen package (DPC)
) (c:/Users/JLin/AppData/Roaming/TinyTeX/texmf-dist/tex/latex/tools/calc.sty
Package: calc 2017/05/25 v4.3 Infix arithmetic (KKT,FJ)
\calc@Acount=\count305
\calc@Bcount=\count306
\calc@Adimen=\dimen166
\calc@Bdimen=\dimen167
\calc@Askip=\skip73
\calc@Bskip=\skip74
LaTeX Info: Redefining \setlength on input line 80.
LaTeX Info: Redefining \addtolength on input line 81.
\calc@Ccount=\count307
\calc@Cskip=\skip75
) (c:/Users/JLin/AppData/Roaming/TinyTeX/texmf-dist/tex/latex/marginnote/marginnote.sty
Package: marginnote 2018/08/09 v1.4b non floating margin notes for LaTeX
\c@mn@abspage=\count308
) (c:/Users/JLin/AppData/Roaming/TinyTeX/texmf-dist/tex/generic/iftex/ifpdf.sty
Package: ifpdf 2019/10/25 v3.4 ifpdf legacy package. Use iftex instead.
) (c:/Users/JLin/AppData/Roaming/TinyTeX/texmf-dist/tex/generic/iftex/ifluatex.sty
Package: ifluatex 2019/10/25 v1.5 ifluatex legacy package. Use iftex instead.
) (c:/Users/JLin/AppData/Roaming/TinyTeX/texmf-dist/tex/latex/soulpos/soulpos.sty
Package: soulpos 2021/10/15 v1.2 Fancy underlining
\ulp@subcnt=\count309
\ulp@cnt=\count310
\ulp@out=\write3
\ulp@in=\read2
\ulwidth=\dimen168
)
Package zref Info: New property list: pdfcomment on input line 2735.
Package zref Info: New property: PCPDFOBJID on input line 2736.
) (c:/Users/JLin/AppData/Roaming/TinyTeX/texmf-dist/tex/latex/datetime/datetime.sty
Package: datetime 2015/03/20 v2.60 Date Time Package
(c:/Users/JLin/AppData/Roaming/TinyTeX/texmf-dist/tex/latex/fmtcount/fmtcount.sty
Package: fmtcount 2020/01/30 v3.07
(c:/Users/JLin/AppData/Roaming/TinyTeX/texmf-dist/tex/latex/fmtcount/fcprefix.sty
Package: fcprefix 2012/09/28
(c:/Users/JLin/AppData/Roaming/TinyTeX/texmf-dist/tex/latex/fmtcount/fcnumparser.sty
Package: fcnumparser 2017/06/15
\fc@digit@counter=\count311
))
\c@padzeroesN=\count312
\fc@tmpcatcode=\count313
\@DT@modctr=\count314
\@ordinalctr=\count315
\@orgargctr=\count316
\@strctr=\count317
\@tmpstrctr=\count318
\@DT@loopN=\count319
\@DT@X=\count320
) (c:/Users/JLin/AppData/Roaming/TinyTeX/texmf-dist/tex/latex/datetime/datetime-defaults.sty
Package: datetime-defaults 2013/09/10
)
\@day=\count321
\@month=\count322
\@year=\count323
\c@HOUR=\count324
\c@HOURXII=\count325
\c@MINUTE=\count326
\c@TOHOUR=\count327
\c@TOMINUTE=\count328
\c@SECOND=\count329
\currenthour=\count330
\currentminute=\count331
\currentsecond=\count332
Package datetime Info: No datetime.cfg file found, using default settings on input line 308.
\@dtctr=\count333
\dayofyear=\count334
\dayofweek=\count335
LaTeX Info: Redefining \today on input line 736.
\dt@a=\toks27
\dt@b=\toks28
) (c:/Users/JLin/AppData/Roaming/TinyTeX/texmf-dist/tex/latex/subfig/subfig.sty
Package: subfig 2005/06/28 ver: 1.3 subfig package
(c:/Users/JLin/AppData/Roaming/TinyTeX/texmf-dist/tex/latex/caption/caption.sty
Package: caption 2023/03/12 v3.6j Customizing captions (AR)
(c:/Users/JLin/AppData/Roaming/TinyTeX/texmf-dist/tex/latex/caption/caption3.sty
Package: caption3 2023/03/12 v2.4 caption3 kernel (AR)
\caption@tempdima=\dimen169
\captionmargin=\dimen170
\caption@leftmargin=\dimen171
\caption@rightmargin=\dimen172
\caption@width=\dimen173
\caption@indent=\dimen174
\caption@parindent=\dimen175
\caption@hangindent=\dimen176
Package caption Info: Standard document class detected.
)
\c@caption@flags=\count336
\c@continuedfloat=\count337
Package caption Info: hyperref package is loaded.
)
\c@KVtest=\count338
\sf@farskip=\skip76
\sf@captopadj=\dimen177
\sf@capskip=\skip77
\sf@nearskip=\skip78
\c@subfigure=\count339
\c@subfigure@save=\count340
\c@lofdepth=\count341
\c@subtable=\count342
\c@subtable@save=\count343
\c@lotdepth=\count344
\sf@top=\skip79
\sf@bottom=\skip80
) (c:/Users/JLin/AppData/Roaming/TinyTeX/texmf-dist/tex/latex/ragged2e/ragged2e.sty
Package: ragged2e 2023/06/22 v3.6 ragged2e Package

LaTeX Warning: Command \@arrayparboxrestore  has changed.
               Check if current package is valid.

(c:/Users/JLin/AppData/Roaming/TinyTeX/texmf-dist/tex/latex/footmisc/footmisc.sty
Package: footmisc 2023/07/05 v6.0f a miscellany of footnote facilities
\FN@temptoken=\toks29
\footnotemargin=\dimen178
\@outputbox@depth=\dimen179
Package footmisc Info: Declaring symbol style bringhurst on input line 696.
Package footmisc Info: Declaring symbol style chicago on input line 704.
Package footmisc Info: Declaring symbol style wiley on input line 713.
Package footmisc Info: Declaring symbol style lamport-robust on input line 724.
Package footmisc Info: Declaring symbol style lamport* on input line 744.
Package footmisc Info: Declaring symbol style lamport*-robust on input line 765.
)
\CenteringLeftskip=\skip81
\RaggedLeftLeftskip=\skip82
\RaggedRightLeftskip=\skip83
\CenteringRightskip=\skip84
\RaggedLeftRightskip=\skip85
\RaggedRightRightskip=\skip86
\CenteringParfillskip=\skip87
\RaggedLeftParfillskip=\skip88
\RaggedRightParfillskip=\skip89
\JustifyingParfillskip=\skip90
\CenteringParindent=\skip91
\RaggedLeftParindent=\skip92
\RaggedRightParindent=\skip93
\JustifyingParindent=\skip94
) (c:/Users/JLin/AppData/Roaming/TinyTeX/texmf-dist/tex/latex/floatrow/floatrow.sty
Package: floatrow 2008/08/02 v0.3b floatrow: float package extension
\c@float@type=\count345
\float@exts=\toks30
\float@box=\box56
\@floatcapt=\box57
Package floatrow Info: Modified float package code loaded on input line 455.
Package floatrow Info: Modified rotfloat package code loaded on input line 473.
\FR@everyfloat=\toks31
\flrow@foot=\insert252
\FB@wd=\dimen180
\FBo@wd=\dimen181
\FBc@wd=\dimen182
\FBo@ht=\skip95
\FBc@ht=\skip96
\FBf@ht=\skip97
\FBo@max=\skip98
\FBc@max=\skip99
\FBf@max=\skip100
\c@FBl@b=\count346
\floatbox@depth=\count347
\c@FRobj=\count348
\c@FRsobj=\count349
\Xhsize=\skip101
\sXhsize=\skip102
\Zhsize=\skip103
\sZhsize=\skip104
\flrow@rowbox=\box58
\FR@Zunitlength=\dimen183
\c@FBcnt=\count350
\FPOScnt=\count351
\LTleft=\skip105
\LTright=\skip106
\LTleft=\skip107
\LTright=\skip108
\flrow@types=\toks32
)
luaotfload | cache : Lookup cache loaded from C:/Users/JLin/AppData/Roaming/TinyTeX/texmf-var/luatex-cache/generic/names/luaotfload-lookup-cache.luc.
luaotfload | aux : font no 18 (nil) defines no feature for script latn

Package fontspec Info: Poppins scale = 0.7864935981028666.


Package fontspec Info: Poppins scale = 0.7864935981028666.

luaotfload | aux : font no 18 (nil) does not define feature smcp for script dflt with language dflt

Package fontspec Info: Poppins/B scale = 0.772399334594262.

luaotfload | aux : font no 23 (nil) does not define feature smcp for script dflt with language dflt

Package fontspec Info: Poppins/I scale = 0.7864935981028666.

luaotfload | aux : font no 24 (nil) does not define feature smcp for script dflt with language dflt

Package fontspec Info: Poppins/BI scale = 0.772399334594262.

luaotfload | aux : font no 25 (nil) does not define feature smcp for script dflt with language dflt

Package fontspec Info: Font family 'Poppins(0)' created for font 'Poppins'
(fontspec)             with options
(fontspec)             [Scale=MatchLowercase,Ligatures=TeX,Scale=1].
(fontspec)              
(fontspec)              This font family consists of the following NFSS
(fontspec)             series/shapes:
(fontspec)              
(fontspec)             - 'normal' (m/n) with NFSS spec.:
(fontspec)             <->s*[1]"Poppins:mode=node;script=DFLT;language=dflt;+tlig;"
(fontspec)             - 'small caps'  (m/sc) with NFSS spec.: 
(fontspec)             - 'bold' (b/n) with NFSS spec.:
(fontspec)             <->s*[1]"Poppins/B:mode=node;script=DFLT;language=dflt;+tlig;"
(fontspec)             - 'bold small caps'  (b/sc) with NFSS spec.: 
(fontspec)             - 'italic' (m/it) with NFSS spec.:
(fontspec)             <->s*[1]"Poppins/I:mode=node;script=DFLT;language=dflt;+tlig;"
(fontspec)             - 'italic small caps'  (m/scit) with NFSS spec.: 
(fontspec)             - 'bold italic' (b/it) with NFSS spec.:
(fontspec)             <->s*[1]"Poppins/BI:mode=node;script=DFLT;language=dflt;+tlig;"
(fontspec)             - 'bold italic small caps'  (b/scit) with NFSS spec.: 

luaotfload | aux : font no 27 (nil) defines no feature for script latn
LaTeX Font Info:    Font shape `TU/Poppins(0)/m/n' will be
(Font)              scaled to size 12.0pt on input line 67.

Package fontspec Info: Poppins scale = 0.9999976796313398.


Package fontspec Info: Poppins scale = 0.9999976796313398.

luaotfload | aux : font no 27 (nil) does not define feature smcp for script dflt with language dflt

Package fontspec Info: Poppins/B scale = 0.9820773420231068.

luaotfload | aux : font no 33 (nil) does not define feature smcp for script dflt with language dflt

Package fontspec Info: Poppins/I scale = 0.9999976796313398.

luaotfload | aux : font no 34 (nil) does not define feature smcp for script dflt with language dflt

Package fontspec Info: Poppins/BI scale = 0.9820773420231068.

luaotfload | aux : font no 35 (nil) does not define feature smcp for script dflt with language dflt

Package fontspec Info: Font family 'Poppins(1)' created for font 'Poppins'
(fontspec)             with options [Scale=MatchLowercase,Renderer=Basic].
(fontspec)              
(fontspec)              This font family consists of the following NFSS
(fontspec)             series/shapes:
(fontspec)              
(fontspec)             - 'normal' (m/n) with NFSS spec.:
(fontspec)             <->s*[0.9999976796313398]"Poppins:mode=base;script=DFLT;language=dflt;"
(fontspec)             - 'small caps'  (m/sc) with NFSS spec.: 
(fontspec)             - 'bold' (b/n) with NFSS spec.:
(fontspec)             <->s*[0.9820773420231068]"Poppins/B:mode=base;script=DFLT;language=dflt;"
(fontspec)             - 'bold small caps'  (b/sc) with NFSS spec.: 
(fontspec)             - 'italic' (m/it) with NFSS spec.:
(fontspec)             <->s*[0.9999976796313398]"Poppins/I:mode=base;script=DFLT;language=dflt;"
(fontspec)             - 'italic small caps'  (m/scit) with NFSS spec.: 
(fontspec)             - 'bold italic' (b/it) with NFSS spec.:
(fontspec)             <->s*[0.9820773420231068]"Poppins/BI:mode=base;script=DFLT;language=dflt;"
(fontspec)             - 'bold italic small caps'  (b/scit) with NFSS spec.: 

LaTeX Font Info:    Overwriting math alphabet `\mathrm' in version `normal'
(Font)                  OT1/lmr/m/n --> TU/Poppins(1)/m/n on input line 67.
LaTeX Font Info:    Overwriting math alphabet `\mathit' in version `normal'
(Font)                  OT1/lmr/m/it --> TU/Poppins(1)/m/it on input line 67.
LaTeX Font Info:    Overwriting math alphabet `\mathbf' in version `normal'
(Font)                  OT1/lmr/bx/n --> TU/Poppins(1)/b/n on input line 67.
(c:/Users/JLin/AppData/Roaming/TinyTeX/texmf-dist/tex/latex/setspace/setspace.sty
Package: setspace 2022/12/04 v6.7b set line spacing
) (c:/Users/JLin/AppData/Roaming/TinyTeX/texmf-dist/tex/lualatex/selnolig/selnolig.sty
=== Package selnolig, Version 0.302, Date 2015/10/26 ===
Package: selnolig 2015/10/26
(c:/Users/JLin/AppData/Roaming/TinyTeX/texmf-dist/tex/luatex/luatexbase/luatexbase.sty
Package: luatexbase 2015/10/04 v1.3 luatexbase interface to LuaTeX 
(c:/Users/JLin/AppData/Roaming/TinyTeX/texmf-dist/tex/luatex/ctablestack/ctablestack.sty
Package: ctablestack 2015/10/01 v1.0 Catcode table stable support
\@catcodetablestackcnt=\count352
)
\CatcodeTableOther=\catcodetable14
\CatcodeTableExpl=\catcodetable15
)
Inserting `Suppress ligatures selectively' in `ligaturing'.) (./trend_text_liz.aux)
\openout1 = trend_text_liz.aux

LaTeX Font Info:    Checking defaults for OML/cmm/m/it on input line 102.
LaTeX Font Info:    ... okay on input line 102.
LaTeX Font Info:    Checking defaults for OMS/cmsy/m/n on input line 102.
LaTeX Font Info:    ... okay on input line 102.
LaTeX Font Info:    Checking defaults for OT1/cmr/m/n on input line 102.
LaTeX Font Info:    ... okay on input line 102.
LaTeX Font Info:    Checking defaults for T1/cmr/m/n on input line 102.
LaTeX Font Info:    ... okay on input line 102.
LaTeX Font Info:    Checking defaults for TS1/cmr/m/n on input line 102.
LaTeX Font Info:    ... okay on input line 102.
LaTeX Font Info:    Checking defaults for TU/lmr/m/n on input line 102.
LaTeX Font Info:    ... okay on input line 102.
LaTeX Font Info:    Checking defaults for OMX/cmex/m/n on input line 102.
LaTeX Font Info:    ... okay on input line 102.
LaTeX Font Info:    Checking defaults for U/cmr/m/n on input line 102.
LaTeX Font Info:    ... okay on input line 102.
LaTeX Font Info:    Checking defaults for PD1/pdf/m/n on input line 102.
LaTeX Font Info:    ... okay on input line 102.
LaTeX Font Info:    Checking defaults for PU/pdf/m/n on input line 102.
LaTeX Font Info:    ... okay on input line 102.
LaTeX Font Info:    Overwriting math alphabet `\mathsf' in version `normal'
(Font)                  OT1/lmss/m/n --> TU/lmss/m/n on input line 102.
LaTeX Font Info:    Overwriting math alphabet `\mathsf' in version `bold'
(Font)                  OT1/lmss/bx/n --> TU/lmss/b/n on input line 102.
LaTeX Font Info:    Overwriting math alphabet `\mathtt' in version `normal'
(Font)                  OT1/lmtt/m/n --> TU/lmtt/m/n on input line 102.
LaTeX Font Info:    Overwriting math alphabet `\mathtt' in version `bold'
(Font)                  OT1/lmtt/m/n --> TU/lmtt/b/n on input line 102.

Package fontspec Info: latinmodern-math scale = 1.271459464881562.


Package fontspec Info: latinmodern-math scale = 1.271459464881562.


Package fontspec Info: latinmodern-math scale = 1.271459464881562.


Package fontspec Info: Font family 'latinmodern-math.otf(0)' created for font
(fontspec)             'latinmodern-math.otf' with options
(fontspec)             [Scale=MatchLowercase,Renderer=Basic,BoldItalicFont={},ItalicFont={},SmallCapsFont={},Script=Math,FontAdjustment={\__um_luatex_copy_fontdimens:
(fontspec)             },BoldFont={latinmodern-math.otf}].
(fontspec)              
(fontspec)              This font family consists of the following NFSS
(fontspec)             series/shapes:
(fontspec)              
(fontspec)             - 'normal' (m/n) with NFSS spec.:
(fontspec)             <->s*[1.271459464881562]"[latinmodern-math.otf]:mode=base;script=math;language=dflt;"
(fontspec)             - 'small caps'  (m/sc) with NFSS spec.: 
(fontspec)             and font adjustment code:
(fontspec)             \__um_luatex_copy_fontdimens: 
(fontspec)             - 'bold' (b/n) with NFSS spec.:
(fontspec)             <->s*[1.271459464881562]"[latinmodern-math.otf]:mode=base;script=math;language=dflt;"
(fontspec)             - 'bold small caps'  (b/sc) with NFSS spec.: 
(fontspec)             and font adjustment code:
(fontspec)             \__um_luatex_copy_fontdimens: 

LaTeX Font Info:    Font shape `TU/latinmodern-math.otf(0)/m/n' will be
(Font)              scaled to size 15.25745pt on input line 102.

Package fontspec Info: latinmodern-math scale = 1.271459464881562.


Package fontspec Info: latinmodern-math scale = 1.271459464881562.


Package fontspec Info: latinmodern-math scale = 1.271459464881562.


Package fontspec Info: latinmodern-math scale = 1.271459464881562.


Package fontspec Info: latinmodern-math scale = 1.271459464881562.


Package fontspec Info: Font family 'latinmodern-math.otf(1)' created for font
(fontspec)             'latinmodern-math.otf' with options
(fontspec)             [Scale=MatchLowercase,Renderer=Basic,BoldItalicFont={},ItalicFont={},SmallCapsFont={},Script=Math,SizeFeatures={{Size=10.2-},{Size=7.2-10.2,Font=latinmodern-math.otf,Style=MathScript},{Size=-7.2,Font=latinmodern-math.otf,Style=MathScriptScript}},FontAdjustment={\__um_luatex_copy_fontdimens:
(fontspec)             },BoldFont={latinmodern-math.otf}].
(fontspec)              
(fontspec)              This font family consists of the following NFSS
(fontspec)             series/shapes:
(fontspec)              
(fontspec)             - 'normal' (m/n) with NFSS spec.:
(fontspec)             <10.2->s*[1.271459464881562]"[latinmodern-math.otf]:mode=base;script=math;language=dflt;"<7.2-10.2>s*[1.271459464881562]"[latinmodern-math.otf]:mode=base;script=math;language=dflt;+ssty=0;"<-7.2>s*[1.271459464881562]"[latinmodern-math.otf]:mode=base;script=math;language=dflt;+ssty=1;"
(fontspec)             - 'small caps'  (m/sc) with NFSS spec.: 
(fontspec)             and font adjustment code:
(fontspec)             \__um_luatex_copy_fontdimens: 
(fontspec)             - 'bold' (b/n) with NFSS spec.:
(fontspec)             <->s*[1.271459464881562]"[latinmodern-math.otf]:mode=base;script=math;language=dflt;"
(fontspec)             - 'bold small caps'  (b/sc) with NFSS spec.: 
(fontspec)             and font adjustment code:
(fontspec)             \__um_luatex_copy_fontdimens: 

LaTeX Font Info:    Font shape `TU/latinmodern-math.otf(1)/m/n' will be
(Font)              scaled to size 15.25745pt on input line 102.
LaTeX Font Info:    Encoding `OT1' has changed to `TU' for symbol font
(Font)              `operators' in the math version `normal' on input line 102.
LaTeX Font Info:    Overwriting symbol font `operators' in version `normal'
(Font)                  OT1/lmr/m/n --> TU/latinmodern-math.otf(1)/m/n on input line 102.
LaTeX Font Info:    Encoding `OT1' has changed to `TU' for symbol font
(Font)              `operators' in the math version `bold' on input line 102.
LaTeX Font Info:    Overwriting symbol font `operators' in version `bold'
(Font)                  OT1/lmr/bx/n --> TU/latinmodern-math.otf(1)/b/n on input line 102.

Package fontspec Info: latinmodern-math scale = 1.271459464881562.


Package fontspec Info: latinmodern-math scale = 1.27158661082805.


Package fontspec Info: latinmodern-math scale = 1.271459464881562.


Package fontspec Info: latinmodern-math scale = 1.27158661082805.


Package fontspec Info: latinmodern-math scale = 1.271459464881562.


Package fontspec Info: latinmodern-math scale = 1.27158661082805.


Package fontspec Info: latinmodern-math scale = 1.271459464881562.


Package fontspec Info: latinmodern-math scale = 1.27158661082805.


Package fontspec Info: latinmodern-math scale = 1.271459464881562.


Package fontspec Info: latinmodern-math scale = 1.27158661082805.


Package fontspec Info: Font family 'latinmodern-math.otf(2)' created for font
(fontspec)             'latinmodern-math.otf' with options
(fontspec)             [Scale=MatchLowercase,Renderer=Basic,BoldItalicFont={},ItalicFont={},SmallCapsFont={},Script=Math,SizeFeatures={{Size=10.2-},{Size=7.2-10.2,Font=latinmodern-math.otf,Style=MathScript},{Size=-7.2,Font=latinmodern-math.otf,Style=MathScriptScript}},FontAdjustment={\__um_luatex_copy_fontdimens:
(fontspec)             },BoldFont={latinmodern-math.otf},ScaleAgain=1.0001,FontAdjustment={\fontdimen
(fontspec)             8\font =10.32928pt\relax \fontdimen 9\font
(fontspec)             =6.01143pt\relax \fontdimen 10\font =6.77429pt\relax
(fontspec)             \fontdimen 11\font =10.4666pt\relax \fontdimen 12\font
(fontspec)             =5.26381pt\relax \fontdimen 13\font =5.53845pt\relax
(fontspec)             \fontdimen 14\font =5.53845pt\relax \fontdimen 15\font
(fontspec)             =4.4094pt\relax \fontdimen 16\font =3.76859pt\relax
(fontspec)             \fontdimen 17\font =3.76859pt\relax \fontdimen 18\font
(fontspec)             =3.81436pt\relax \fontdimen 19\font =3.05148pt\relax
(fontspec)             \fontdimen 22\font =3.81436pt\relax \fontdimen 20\font
(fontspec)             =0pt\relax \fontdimen 21\font =0pt\relax }].
(fontspec)              
(fontspec)              This font family consists of the following NFSS
(fontspec)             series/shapes:
(fontspec)              
(fontspec)             - 'normal' (m/n) with NFSS spec.:
(fontspec)             <10.2->s*[1.27158661082805]"[latinmodern-math.otf]:mode=base;script=math;language=dflt;"<7.2-10.2>s*[1.27158661082805]"[latinmodern-math.otf]:mode=base;script=math;language=dflt;+ssty=0;"<-7.2>s*[1.27158661082805]"[latinmodern-math.otf]:mode=base;script=math;language=dflt;+ssty=1;"
(fontspec)             - 'small caps'  (m/sc) with NFSS spec.: 
(fontspec)             and font adjustment code:
(fontspec)             \__um_luatex_copy_fontdimens: \fontdimen 8\font
(fontspec)             =10.32928pt\relax \fontdimen 9\font =6.01143pt\relax
(fontspec)             \fontdimen 10\font =6.77429pt\relax \fontdimen 11\font
(fontspec)             =10.4666pt\relax \fontdimen 12\font =5.26381pt\relax
(fontspec)             \fontdimen 13\font =5.53845pt\relax \fontdimen 14\font
(fontspec)             =5.53845pt\relax \fontdimen 15\font =4.4094pt\relax
(fontspec)             \fontdimen 16\font =3.76859pt\relax \fontdimen 17\font
(fontspec)             =3.76859pt\relax \fontdimen 18\font =3.81436pt\relax
(fontspec)             \fontdimen 19\font =3.05148pt\relax \fontdimen 22\font
(fontspec)             =3.81436pt\relax \fontdimen 20\font =0pt\relax
(fontspec)             \fontdimen 21\font =0pt\relax 
(fontspec)             - 'bold' (b/n) with NFSS spec.:
(fontspec)             <->s*[1.27158661082805]"[latinmodern-math.otf]:mode=base;script=math;language=dflt;"
(fontspec)             - 'bold small caps'  (b/sc) with NFSS spec.: 
(fontspec)             and font adjustment code:
(fontspec)             \__um_luatex_copy_fontdimens: \fontdimen 8\font
(fontspec)             =10.32928pt\relax \fontdimen 9\font =6.01143pt\relax
(fontspec)             \fontdimen 10\font =6.77429pt\relax \fontdimen 11\font
(fontspec)             =10.4666pt\relax \fontdimen 12\font =5.26381pt\relax
(fontspec)             \fontdimen 13\font =5.53845pt\relax \fontdimen 14\font
(fontspec)             =5.53845pt\relax \fontdimen 15\font =4.4094pt\relax
(fontspec)             \fontdimen 16\font =3.76859pt\relax \fontdimen 17\font
(fontspec)             =3.76859pt\relax \fontdimen 18\font =3.81436pt\relax
(fontspec)             \fontdimen 19\font =3.05148pt\relax \fontdimen 22\font
(fontspec)             =3.81436pt\relax \fontdimen 20\font =0pt\relax
(fontspec)             \fontdimen 21\font =0pt\relax 

LaTeX Font Info:    Encoding `OMS' has changed to `TU' for symbol font
(Font)              `symbols' in the math version `normal' on input line 102.
LaTeX Font Info:    Overwriting symbol font `symbols' in version `normal'
(Font)                  OMS/lmsy/m/n --> TU/latinmodern-math.otf(2)/m/n on input line 102.
LaTeX Font Info:    Encoding `OMS' has changed to `TU' for symbol font
(Font)              `symbols' in the math version `bold' on input line 102.
LaTeX Font Info:    Overwriting symbol font `symbols' in version `bold'
(Font)                  OMS/lmsy/b/n --> TU/latinmodern-math.otf(2)/b/n on input line 102.

Package fontspec Info: latinmodern-math scale = 1.271459464881562.


Package fontspec Info: latinmodern-math scale = 1.271332318935074.


Package fontspec Info: latinmodern-math scale = 1.271459464881562.


Package fontspec Info: latinmodern-math scale = 1.271332318935074.


Package fontspec Info: latinmodern-math scale = 1.271459464881562.


Package fontspec Info: latinmodern-math scale = 1.271332318935074.


Package fontspec Info: latinmodern-math scale = 1.271459464881562.


Package fontspec Info: latinmodern-math scale = 1.271332318935074.


Package fontspec Info: latinmodern-math scale = 1.271459464881562.


Package fontspec Info: latinmodern-math scale = 1.271332318935074.


Package fontspec Info: Font family 'latinmodern-math.otf(3)' created for font
(fontspec)             'latinmodern-math.otf' with options
(fontspec)             [Scale=MatchLowercase,Renderer=Basic,BoldItalicFont={},ItalicFont={},SmallCapsFont={},Script=Math,SizeFeatures={{Size=10.2-},{Size=7.2-10.2,Font=latinmodern-math.otf,Style=MathScript},{Size=-7.2,Font=latinmodern-math.otf,Style=MathScriptScript}},FontAdjustment={\__um_luatex_copy_fontdimens:
(fontspec)             },BoldFont={latinmodern-math.otf},ScaleAgain=0.9999,FontAdjustment={\fontdimen
(fontspec)             8\font =0.61029pt\relax \fontdimen 9\font
(fontspec)             =3.05148pt\relax \fontdimen 10\font =2.54799pt\relax
(fontspec)             \fontdimen 11\font =1.69357pt\relax \fontdimen 12\font
(fontspec)             =9.15446pt\relax \fontdimen 13\font =0pt\relax }].
(fontspec)              
(fontspec)              This font family consists of the following NFSS
(fontspec)             series/shapes:
(fontspec)              
(fontspec)             - 'normal' (m/n) with NFSS spec.:
(fontspec)             <10.2->s*[1.271332318935074]"[latinmodern-math.otf]:mode=base;script=math;language=dflt;"<7.2-10.2>s*[1.271332318935074]"[latinmodern-math.otf]:mode=base;script=math;language=dflt;+ssty=0;"<-7.2>s*[1.271332318935074]"[latinmodern-math.otf]:mode=base;script=math;language=dflt;+ssty=1;"
(fontspec)             - 'small caps'  (m/sc) with NFSS spec.: 
(fontspec)             and font adjustment code:
(fontspec)             \__um_luatex_copy_fontdimens: \fontdimen 8\font
(fontspec)             =0.61029pt\relax \fontdimen 9\font =3.05148pt\relax
(fontspec)             \fontdimen 10\font =2.54799pt\relax \fontdimen 11\font
(fontspec)             =1.69357pt\relax \fontdimen 12\font =9.15446pt\relax
(fontspec)             \fontdimen 13\font =0pt\relax 
(fontspec)             - 'bold' (b/n) with NFSS spec.:
(fontspec)             <->s*[1.271332318935074]"[latinmodern-math.otf]:mode=base;script=math;language=dflt;"
(fontspec)             - 'bold small caps'  (b/sc) with NFSS spec.: 
(fontspec)             and font adjustment code:
(fontspec)             \__um_luatex_copy_fontdimens: \fontdimen 8\font
(fontspec)             =0.61029pt\relax \fontdimen 9\font =3.05148pt\relax
(fontspec)             \fontdimen 10\font =2.54799pt\relax \fontdimen 11\font
(fontspec)             =1.69357pt\relax \fontdimen 12\font =9.15446pt\relax
(fontspec)             \fontdimen 13\font =0pt\relax 

LaTeX Font Info:    Encoding `OMX' has changed to `TU' for symbol font
(Font)              `largesymbols' in the math version `normal' on input line 102.
LaTeX Font Info:    Overwriting symbol font `largesymbols' in version `normal'
(Font)                  OMX/lmex/m/n --> TU/latinmodern-math.otf(3)/m/n on input line 102.
LaTeX Font Info:    Encoding `OMX' has changed to `TU' for symbol font
(Font)              `largesymbols' in the math version `bold' on input line 102.
LaTeX Font Info:    Overwriting symbol font `largesymbols' in version `bold'
(Font)                  OMX/lmex/m/n --> TU/latinmodern-math.otf(3)/b/n on input line 102.
LaTeX Font Info:    Font shape `TU/latinmodern-math.otf(1)/m/n' will be
(Font)              scaled to size 10.68019pt on input line 102.
LaTeX Font Info:    Font shape `TU/latinmodern-math.otf(1)/m/n' will be
(Font)              scaled to size 7.62872pt on input line 102.
LaTeX Font Info:    Trying to load font information for OML+lmm on input line 102.
(c:/Users/JLin/AppData/Roaming/TinyTeX/texmf-dist/tex/latex/lm/omllmm.fd
File: omllmm.fd 2015/05/01 v1.6.1 Font defs for Latin Modern
)
LaTeX Font Info:    Font shape `TU/latinmodern-math.otf(2)/m/n' will be
(Font)              scaled to size 15.2591pt on input line 102.
LaTeX Font Info:    Font shape `TU/latinmodern-math.otf(2)/m/n' will be
(Font)              scaled to size 10.68135pt on input line 102.
LaTeX Font Info:    Font shape `TU/latinmodern-math.otf(2)/m/n' will be
(Font)              scaled to size 7.62955pt on input line 102.
LaTeX Font Info:    Font shape `TU/latinmodern-math.otf(3)/m/n' will be
(Font)              scaled to size 15.25598pt on input line 102.
LaTeX Font Info:    Font shape `TU/latinmodern-math.otf(3)/m/n' will be
(Font)              scaled to size 10.67917pt on input line 102.
LaTeX Font Info:    Font shape `TU/latinmodern-math.otf(3)/m/n' will be
(Font)              scaled to size 7.62799pt on input line 102.
LaTeX Font Info:    Trying to load font information for U+msa on input line 102.
(c:/Users/JLin/AppData/Roaming/TinyTeX/texmf-dist/tex/latex/amsfonts/umsa.fd
File: umsa.fd 2013/01/14 v3.01 AMS symbols A
)
LaTeX Font Info:    Trying to load font information for U+msb on input line 102.
(c:/Users/JLin/AppData/Roaming/TinyTeX/texmf-dist/tex/latex/amsfonts/umsb.fd
File: umsb.fd 2013/01/14 v3.01 AMS symbols B
) (c:/Users/JLin/AppData/Roaming/TinyTeX/texmf-dist/tex/latex/epstopdf-pkg/epstopdf-base.sty
Package: epstopdf-base 2020-01-24 v2.11 Base part for package epstopdf
Package epstopdf-base Info: Redefining graphics rule for `.eps' on input line 485.
(c:/Users/JLin/AppData/Roaming/TinyTeX/texmf-dist/tex/latex/latexconfig/epstopdf-sys.cfg
File: epstopdf-sys.cfg 2010/07/13 v1.3 Configuration of (r)epstopdf for TeX Live
))
*geometry* driver: auto-detecting
*geometry* detected driver: luatex
*geometry* verbose mode - [ preamble ] result:
* driver: luatex
* paper: <default>
* layout: <same size as paper>
* layoutoffset:(h,v)=(0.0pt,0.0pt)
* modes: 
* h-part:(L,W,R)=(72.26999pt, 469.75502pt, 72.26999pt)
* v-part:(T,H,B)=(72.26999pt, 650.43001pt, 72.26999pt)
* \paperwidth=614.295pt
* \paperheight=794.96999pt
* \textwidth=469.75502pt
* \textheight=600.0pt
* \oddsidemargin=0.0pt
* \evensidemargin=0.0pt
* \topmargin=-37.0pt
* \headheight=75.0pt
* \headsep=25.0pt
* \topskip=12.0pt
* \footskip=30.0pt
* \marginparwidth=44.0pt
* \marginparsep=10.0pt
* \columnsep=10.0pt
* \skip\footins=10.8pt plus 4.0pt minus 2.0pt
* \hoffset=0.0pt
* \voffset=0.0pt
* \mag=1000
* \@twocolumnfalse
* \@twosidefalse
* \@mparswitchfalse
* \@reversemarginfalse
* (1in=72.27pt=25.4mm, 1cm=28.453pt)

Package hyperref Info: Link coloring OFF on input line 102.
(./trend_text_liz.out) (./trend_text_liz.out)
\@outlinefile=\write4

\openout4 = trend_text_liz.out
Package soulpos Info: Loading soulutf8 on input line 102.
(c:/Users/JLin/AppData/Roaming/TinyTeX/texmf-dist/tex/generic/soul/soulutf8.sty
Package: soulutf8 2023-06-14 v3.1 Permit use of UTF-8 characters in soul (HO)

Package soulutf8 Warning: This package is obsolete,
(soulutf8)                use the soul package directly. 
(soulutf8)                 on input line 29.

) (c:/Users/JLin/AppData/Roaming/TinyTeX/texmf-dist/tex/generic/soul/soul.sty
Package: soul 2023-06-14 v3.1 Permit use of UTF-8 characters in soul (HO)
(c:/Users/JLin/AppData/Roaming/TinyTeX/texmf-dist/tex/generic/soul/soul-ori.sty
Package: soul-ori 2023-06-14 v3.1 letterspacing/underlining (mf)
\SOUL@word=\toks33
\SOUL@lasttoken=\toks34
\SOUL@syllable=\toks35
\SOUL@cmds=\toks36
\SOUL@buffer=\toks37
\SOUL@token=\toks38
\SOUL@syllgoal=\dimen184
\SOUL@syllwidth=\dimen185
\SOUL@charkern=\dimen186
\SOUL@hyphkern=\dimen187
\SOUL@dimen=\dimen188
\SOUL@dimeni=\dimen189
\SOUL@minus=\count353
\SOUL@comma=\count354
\SOUL@apo=\count355
\SOUL@grave=\count356
\SOUL@spaceskip=\skip109
\SOUL@ttwidth=\dimen190
\SOUL@uldp=\dimen191
\SOUL@ulht=\dimen192
)) (c:/Users/JLin/AppData/Roaming/TinyTeX/texmf-dist/tex/latex/fmtcount/fc-english.def
File: fc-english.def 2016/01/12
)
Package caption Info: Begin \AtBeginDocument code.
Package caption Info: subfig package v1.3 is loaded.
Package caption Info: float package is loaded.
Package caption Info: floatrow package is loaded.
Package caption Info: floatrow package is loaded.
Package caption Info: End \AtBeginDocument code.
Package ragged2e Info: ABD: executing \RaggedRight on input line 102.
(c:/Users/JLin/AppData/Roaming/TinyTeX/texmf-dist/tex/latex/floatrow/fr-subfig.sty
Package: fr-subfig 2007/12/24 v0.1g (beta) floatrow: additions for subfig
\FBsc@max=\skip110
\FBso@max=\skip111
)
luaotfload | aux : font no 18 (nil) defines no feature for script latn

Package fontspec Info: Poppins scale = 0.9999976796313398.

LaTeX Font Info:    Font shape `TU/Poppins(0)/m/n' will be
(Font)              scaled to size 17.28pt on input line 108.
LaTeX Font Info:    Font shape `TU/Poppins(0)/b/n' will be
(Font)              scaled to size 17.28pt on input line 108.
<image2.png, id=40, 723.138pt x 109.062pt>
File: image2.png Graphic file (type png)
<use image2.png>
Package luatex.def Info: image2.png  used on input line 110.
(luatex.def)             Requested size: 469.75829pt x 70.84784pt.
LaTeX Font Info:    Font shape `TU/Poppins(0)/m/n' will be
(Font)              scaled to size 14.4pt on input line 129.
LaTeX Font Info:    Font shape `TU/Poppins(0)/b/n' will be
(Font)              scaled to size 14.4pt on input line 129.
LaTeX Font Info:    Font shape `TU/Poppins(0)/m/n' will be
(Font)              scaled to size 8.4pt on input line 137.
<X:/DSA/Trends/household-travel-survey/headers/PST_2021_HTS_header.png, id=43, 503.9628pt x 88.1694pt>
File: X:/DSA/Trends/household-travel-survey/headers/PST_2021_HTS_header.png Graphic file (type png)
<use X:/DSA/Trends/household-travel-survey/headers/PST_2021_HTS_header.png>
Package luatex.def Info: X:/DSA/Trends/household-travel-survey/headers/PST_2021_HTS_header.png  used on input line 139.
(luatex.def)             Requested size: 469.7725pt x 82.18771pt.

Package fancyhdr Warning: \headheight is too small (75.0pt): 
(fancyhdr)                Make it at least 86.53775pt, for example:
(fancyhdr)                \setlength{\headheight}{86.53775pt}.
(fancyhdr)                You might also make \topmargin smaller to compensate:
(fancyhdr)                \addtolength{\topmargin}{-11.53775pt}.

LaTeX Font Info:    Font shape `TU/Poppins(0)/m/n' will be
(Font)              scaled to size 8.0pt on input line 139.
[1


\openout3 = trend_text_liz.upa
{c:/Users/JLin/AppData/Roaming/TinyTeX/texmf-var/fonts/map/pdftex/updmap/pdftex.map}<x:/DSA/Trends/household-travel-survey/headers/PST_2021_HTS_header.png><./image2.png>]
<trend_text_liz_files/figure-latex/plot_demo_rgc-1.pdf, id=56, 289.08pt x 165.61874pt>
File: trend_text_liz_files/figure-latex/plot_demo_rgc-1.pdf Graphic file (type pdf)
<use trend_text_liz_files/figure-latex/plot_demo_rgc-1.pdf>
Package luatex.def Info: trend_text_liz_files/figure-latex/plot_demo_rgc-1.pdf  used on input line 161.
(luatex.def)             Requested size: 234.8769pt x 134.56488pt.
LaTeX Font Info:    Font shape `TU/Poppins(0)/m/n' will be
(Font)              scaled to size 10.0pt on input line 161.
<trend_text_liz_files/figure-latex/plot_demo_rgc-2.pdf, id=57, 289.08pt x 165.61874pt>
File: trend_text_liz_files/figure-latex/plot_demo_rgc-2.pdf Graphic file (type pdf)
<use trend_text_liz_files/figure-latex/plot_demo_rgc-2.pdf>
Package luatex.def Info: trend_text_liz_files/figure-latex/plot_demo_rgc-2.pdf  used on input line 161.
(luatex.def)             Requested size: 234.8769pt x 134.56488pt.

Overfull \hbox (6.40678pt too wide) in paragraph at lines 161--161
 [][][][] 
 []

<trend_text_liz_files/figure-latex/plot_demo_rgc-3.pdf, id=58, 289.08pt x 165.61874pt>
File: trend_text_liz_files/figure-latex/plot_demo_rgc-3.pdf Graphic file (type pdf)
<use trend_text_liz_files/figure-latex/plot_demo_rgc-3.pdf>
Package luatex.def Info: trend_text_liz_files/figure-latex/plot_demo_rgc-3.pdf  used on input line 161.
(luatex.def)             Requested size: 234.8769pt x 134.56488pt.
<trend_text_liz_files/figure-latex/plot_demo_rgc-4.pdf, id=59, 289.08pt x 165.61874pt>
File: trend_text_liz_files/figure-latex/plot_demo_rgc-4.pdf Graphic file (type pdf)
<use trend_text_liz_files/figure-latex/plot_demo_rgc-4.pdf>
Package luatex.def Info: trend_text_liz_files/figure-latex/plot_demo_rgc-4.pdf  used on input line 161.
(luatex.def)             Requested size: 234.8769pt x 134.56488pt.

Overfull \hbox (6.40678pt too wide) in paragraph at lines 161--162
 [][][] 
 []

[2<./trend_text_liz_files/figure-latex/plot_demo_rgc-1.pdf><./trend_text_liz_files/figure-latex/plot_demo_rgc-2.pdf><./trend_text_liz_files/figure-latex/plot_demo_rgc-3.pdf><./trend_text_liz_files/figure-latex/plot_demo_rgc-4.pdf>]
<trend_text_liz_files/figure-latex/plot_demo_mu-1.pdf, id=80, 289.08pt x 165.61874pt>
File: trend_text_liz_files/figure-latex/plot_demo_mu-1.pdf Graphic file (type pdf)
<use trend_text_liz_files/figure-latex/plot_demo_mu-1.pdf>
Package luatex.def Info: trend_text_liz_files/figure-latex/plot_demo_mu-1.pdf  used on input line 192.
(luatex.def)             Requested size: 234.8769pt x 134.56488pt.
<trend_text_liz_files/figure-latex/plot_demo_mu-2.pdf, id=81, 289.08pt x 165.61874pt>
File: trend_text_liz_files/figure-latex/plot_demo_mu-2.pdf Graphic file (type pdf)
<use trend_text_liz_files/figure-latex/plot_demo_mu-2.pdf>
Package luatex.def Info: trend_text_liz_files/figure-latex/plot_demo_mu-2.pdf  used on input line 192.
(luatex.def)             Requested size: 234.8769pt x 134.56488pt.

Overfull \hbox (6.40678pt too wide) in paragraph at lines 192--192
 [][][][] 
 []

<trend_text_liz_files/figure-latex/plot_demo_mu-3.pdf, id=82, 289.08pt x 165.61874pt>
File: trend_text_liz_files/figure-latex/plot_demo_mu-3.pdf Graphic file (type pdf)
<use trend_text_liz_files/figure-latex/plot_demo_mu-3.pdf>
Package luatex.def Info: trend_text_liz_files/figure-latex/plot_demo_mu-3.pdf  used on input line 192.
(luatex.def)             Requested size: 234.8769pt x 134.56488pt.
<trend_text_liz_files/figure-latex/plot_demo_mu-4.pdf, id=83, 289.08pt x 165.61874pt>
File: trend_text_liz_files/figure-latex/plot_demo_mu-4.pdf Graphic file (type pdf)
<use trend_text_liz_files/figure-latex/plot_demo_mu-4.pdf>
Package luatex.def Info: trend_text_liz_files/figure-latex/plot_demo_mu-4.pdf  used on input line 192.
(luatex.def)             Requested size: 234.8769pt x 134.56488pt.

Overfull \hbox (6.40678pt too wide) in paragraph at lines 192--193
 [][][] 
 []

[3<./trend_text_liz_files/figure-latex/plot_demo_mu-1.pdf><./trend_text_liz_files/figure-latex/plot_demo_mu-2.pdf><./trend_text_liz_files/figure-latex/plot_demo_mu-3.pdf><./trend_text_liz_files/figure-latex/plot_demo_mu-4.pdf>]
LaTeX Font Info:    Font shape `TU/Poppins(0)/b/n' will be
(Font)              scaled to size 12.0pt on input line 226.
<trend_text_liz_files/figure-latex/mode share-1.pdf, id=103, 361.35pt x 180.675pt>
File: trend_text_liz_files/figure-latex/mode share-1.pdf Graphic file (type pdf)
<use trend_text_liz_files/figure-latex/mode share-1.pdf>
Package luatex.def Info: trend_text_liz_files/figure-latex/mode share-1.pdf  used on input line 247.
(luatex.def)             Requested size: 361.34912pt x 180.67455pt.
[4]
<trend_text_liz_files/figure-latex/unnamed-chunk-1-1.pdf, id=110, 433.62pt x 216.81pt>
File: trend_text_liz_files/figure-latex/unnamed-chunk-1-1.pdf Graphic file (type pdf)
<use trend_text_liz_files/figure-latex/unnamed-chunk-1-1.pdf>
Package luatex.def Info: trend_text_liz_files/figure-latex/unnamed-chunk-1-1.pdf  used on input line 264.
(luatex.def)             Requested size: 433.63878pt x 216.81938pt.
[5<./trend_text_liz_files/figure-latex/mode share-1.pdf><./trend_text_liz_files/figure-latex/unnamed-chunk-1-1.pdf>]
<trend_text_liz_files/figure-latex/unnamed-chunk-2-1.pdf, id=122, 433.62pt x 180.675pt>
File: trend_text_liz_files/figure-latex/unnamed-chunk-2-1.pdf Graphic file (type pdf)
<use trend_text_liz_files/figure-latex/unnamed-chunk-2-1.pdf>
Package luatex.def Info: trend_text_liz_files/figure-latex/unnamed-chunk-2-1.pdf  used on input line 281.
(luatex.def)             Requested size: 375.8238pt x 156.59323pt.
<trend_text_liz_files/figure-latex/unnamed-chunk-3-1.pdf, id=123, 289.08pt x 194.7275pt>
File: trend_text_liz_files/figure-latex/unnamed-chunk-3-1.pdf Graphic file (type pdf)
<use trend_text_liz_files/figure-latex/unnamed-chunk-3-1.pdf>
Package luatex.def Info: trend_text_liz_files/figure-latex/unnamed-chunk-3-1.pdf  used on input line 299.
(luatex.def)             Requested size: 289.09251pt x 194.73592pt.
[6<./trend_text_liz_files/figure-latex/unnamed-chunk-2-1.pdf><./trend_text_liz_files/figure-latex/unnamed-chunk-3-1.pdf>]
<trend_text_liz_files/figure-latex/unnamed-chunk-4-1.pdf, id=136, 289.08pt x 216.81pt>
File: trend_text_liz_files/figure-latex/unnamed-chunk-4-1.pdf Graphic file (type pdf)
<use trend_text_liz_files/figure-latex/unnamed-chunk-4-1.pdf>
Package luatex.def Info: trend_text_liz_files/figure-latex/unnamed-chunk-4-1.pdf  used on input line 319.
(luatex.def)             Requested size: 234.8769pt x 176.15768pt.
<trend_text_liz_files/figure-latex/unnamed-chunk-4-2.pdf, id=137, 289.08pt x 216.81pt>
File: trend_text_liz_files/figure-latex/unnamed-chunk-4-2.pdf Graphic file (type pdf)
<use trend_text_liz_files/figure-latex/unnamed-chunk-4-2.pdf>
Package luatex.def Info: trend_text_liz_files/figure-latex/unnamed-chunk-4-2.pdf  used on input line 319.
(luatex.def)             Requested size: 234.8769pt x 176.15768pt.

Overfull \hbox (6.40678pt too wide) in paragraph at lines 319--320
 [][][][] 
 []

[7<./trend_text_liz_files/figure-latex/unnamed-chunk-4-1.pdf><./trend_text_liz_files/figure-latex/unnamed-chunk-4-2.pdf>] (./trend_text_liz.aux * soulpos - computing points - it may take a few seconds *
\openout3 = trend_text_liz.upb
 (./trend_text_liz.upa))
 ***********
LaTeX2e <2023-06-01> patch level 1
L3 programming layer <2023-06-30>
 ***********
Package rerunfilecheck Info: File `trend_text_liz.out' has not changed.
(rerunfilecheck)             Checksum: 6D538D0150B2116F76814D40879837E8;1980.
)

Here is how much of LuaTeX's memory you used:
 25322 strings out of 477545
 100000,1977958 words of node,token memory allocated
 666 words of node memory still in use:
   7 hlist, 2 vlist, 2 rule, 2 glue, 4 kern, 2 glyph, 9 attribute, 82 glue_spec, 9 attribute_list, 1 write, 1 user_defined nodes
   avail lists: 2:474,3:170,4:68,5:66,6:45,7:5542,8:2,9:388,10:14,11:423
 45781 multiletter control sequences out of 65536+600000
 65 fonts using 15321591 bytes
 90i,15n,130p,1014b,692s stack positions out of 10000i,1000n,20000p,200000b,200000s
<c:/Users/JLin/AppData/Roaming/TinyTeX/texmf-dist/fonts/opentype/public/lm-math/latinmodern-math.otf><c:/Windows/Fonts/Poppins-Regular.ttf><c:/Windows/Fonts/Poppins-Bold.ttf>
Output written on trend_text_liz.pdf (7 pages, 5034813 bytes).

PDF statistics: 177 PDF objects out of 1000 (max. 8388607)
 125 compressed objects within 2 object streams
 42 named destinations out of 1000 (max. 131072)
 73 words of extra memory for PDF output out of 10000 (max. 100000000)

